2025-04-10 06:08:10 - Error: SMTP Error: Could not authenticate.
2025-04-09 23:08:08 SERVER -&gt; CLIENT: 220 smtp.gmail.com ESMTP d2e1a72fcca58-73bb1d4490dsm1931742b3a.41 - gsmtp<br>
2025-04-09 23:08:08 CLIENT -&gt; SERVER: EHLO localhost<br>
2025-04-09 23:08:08 SERVER -&gt; CLIENT: 250-smtp.gmail.com at your service, [2402:800:637c:1d59:b017:3c3b:7cd8:6eae]250-SIZE 35882577250-8BITMIME250-STARTTLS250-ENHANCEDSTATUSCODES250-PIPELINING250-CHUNKING250 SMTPUTF8<br>
2025-04-09 23:08:08 CLIENT -&gt; SERVER: STARTTLS<br>
2025-04-09 23:08:08 SERVER -&gt; CLIENT: 220 2.0.0 Ready to start TLS<br>
2025-04-09 23:08:09 CLIENT -&gt; SERVER: EHLO localhost<br>
2025-04-09 23:08:09 SERVER -&gt; CLIENT: 250-smtp.gmail.com at your service, [2402:800:637c:1d59:b017:3c3b:7cd8:6eae]250-SIZE 35882577250-8BITMIME250-AUTH LOGIN PLAIN XOAUTH2 PLAIN-CLIENTTOKEN OAUTHBEARER XOAUTH250-ENHANCEDSTATUSCODES250-PIPELINING250-CHUNKING250 SMTPUTF8<br>
2025-04-09 23:08:09 CLIENT -&gt; SERVER: AUTH LOGIN<br>
2025-04-09 23:08:09 SERVER -&gt; CLIENT: 334 VXNlcm5hbWU6<br>
2025-04-09 23:08:09 CLIENT -&gt; SERVER: [credentials hidden]<br>
2025-04-09 23:08:09 SERVER -&gt; CLIENT: 334 UGFzc3dvcmQ6<br>
2025-04-09 23:08:09 CLIENT -&gt; SERVER: [credentials hidden]<br>
2025-04-09 23:08:10 SERVER -&gt; CLIENT: 535-5.7.8 Username and Password not accepted. For more information, go to535 5.7.8  https://support.google.com/mail/?p=BadCredentials d2e1a72fcca58-73bb1d4490dsm1931742b3a.41 - gsmtp<br>
2025-04-09 23:08:10 SMTP ERROR: Password command failed: 535-5.7.8 Username and Password not accepted. For more information, go to535 5.7.8  https://support.google.com/mail/?p=BadCredentials d2e1a72fcca58-73bb1d4490dsm1931742b3a.41 - gsmtp<br>
SMTP Error: Could not authenticate.<br>
2025-04-09 23:08:10 CLIENT -&gt; SERVER: QUIT<br>
2025-04-09 23:08:10 SERVER -&gt; CLIENT: 221 2.0.0 closing connection d2e1a72fcca58-73bb1d4490dsm1931742b3a.41 - gsmtp<br>
SMTP Error: Could not authenticate.<br>
Lỗi gửi email: SMTP Error: Could not authenticate.
Người nhận: nguyenquoctrongbt2016@gmail.com
Mã booking: 07959208
Thời gian: 2025-04-10 06:20:03

